  Source.cpp
C:\DEV\DEngine\DEngine\Source.cpp(196,28): warning C4244: 'initializing': conversion from 'double' to 'float', possible loss of data
C:\DEV\DEngine\DEngine\Source.cpp(315,19): warning C4244: 'initializing': conversion from 'T' to 'int', possible loss of data
          with
          [
              T=float
          ]
C:\DEV\DEngine\DEngine\Source.cpp(316,19): warning C4244: 'initializing': conversion from 'T' to 'int', possible loss of data
          with
          [
              T=float
          ]
C:\DEV\DEngine\DEngine\Source.cpp(317,19): warning C4244: 'initializing': conversion from 'T' to 'int', possible loss of data
          with
          [
              T=float
          ]
C:\DEV\DEngine\DEngine\Source.cpp(343,19): warning C4244: 'initializing': conversion from 'T' to 'int', possible loss of data
          with
          [
              T=float
          ]
C:\DEV\DEngine\DEngine\Source.cpp(344,19): warning C4244: 'initializing': conversion from 'T' to 'int', possible loss of data
          with
          [
              T=float
          ]
C:\DEV\DEngine\DEngine\Source.cpp(345,19): warning C4244: 'initializing': conversion from 'T' to 'int', possible loss of data
          with
          [
              T=float
          ]
C:\DEV\DEngine\DEngine\Source.cpp(366,19): warning C4244: 'initializing': conversion from 'T' to 'int', possible loss of data
          with
          [
              T=float
          ]
C:\DEV\DEngine\DEngine\Source.cpp(367,19): warning C4244: 'initializing': conversion from 'T' to 'int', possible loss of data
          with
          [
              T=float
          ]
C:\DEV\DEngine\DEngine\Source.cpp(368,19): warning C4244: 'initializing': conversion from 'T' to 'int', possible loss of data
          with
          [
              T=float
          ]
C:\DEV\DEngine\DEngine\Source.cpp(486,23): warning C4244: 'initializing': conversion from 'T' to 'int', possible loss of data
          with
          [
              T=float
          ]
C:\DEV\DEngine\DEngine\Source.cpp(487,23): warning C4244: 'initializing': conversion from 'T' to 'int', possible loss of data
          with
          [
              T=float
          ]
C:\DEV\DEngine\DEngine\Source.cpp(488,23): warning C4244: 'initializing': conversion from 'T' to 'int', possible loss of data
          with
          [
              T=float
          ]
C:\DEV\DEngine\DEngine\Source.cpp(518,17): warning C4244: '=': conversion from 'double' to 'float', possible loss of data
C:\DEV\DEngine\DEngine\Source.cpp(519,17): warning C4244: '=': conversion from 'double' to 'float', possible loss of data
C:\DEV\DEngine\DEngine\Source.cpp(523,19): warning C4244: 'initializing': conversion from 'double' to 'float', possible loss of data
C:\DEV\DEngine\DEngine\Source.cpp(524,19): warning C4244: 'initializing': conversion from 'double' to 'float', possible loss of data
C:\DEV\DEngine\DEngine\Source.cpp(525,13): warning C4244: '=': conversion from 'double' to 'float', possible loss of data
C:\DEV\DEngine\DEngine\Source.cpp(526,13): warning C4244: '=': conversion from 'double' to 'float', possible loss of data
  DEngine.vcxproj -> C:\DEV\DEngine\x64\Debug\DEngine.exe
